<?xml version="1.0" encoding="UTF-8"?>
<!-- Generated by org.testng.reporters.JUnitXMLReporter -->
<testsuite hostname="acer-PC" ignored="0" name="Test" tests="23" failures="4" timestamp="2020-07-07T21:27:40 IST" time="40.081" errors="0">
  <testcase name="b" time="7.692" classname="com.api.testcases.tc1_get"/>
  <testcase name="b" time="2.09" classname="com.api.testcases.tc1_get"/>
  <testcase name="f" time="0.016" classname="com.api.testcases.tc1_get"/>
  <testcase name="f" time="0.0" classname="com.api.testcases.tc1_get"/>
  <testcase name="b" time="3.962" classname="com.api.testcases.tc2_post"/>
  <testcase name="b" time="5.523" classname="com.api.testcases.tc2_post"/>
  <testcase name="b" time="2.059" classname="com.api.testcases.tc2_post"/>
  <testcase name="b" time="1.669" classname="com.api.testcases.tc2_post"/>
  <testcase name="g" time="0.0" classname="com.api.testcases.tc2_post"/>
  <testcase name="b" time="2.2" classname="com.api.testcases.tc3_put"/>
  <testcase name="b" time="2.231" classname="com.api.testcases.tc3_put"/>
  <testcase name="b" time="2.309" classname="com.api.testcases.tc3_put"/>
  <testcase name="b" time="3.276" classname="com.api.testcases.tc3_put"/>
  <testcase name="g" time="0.0" classname="com.api.testcases.tc3_put"/>
  <testcase name="f" time="0.0" classname="com.api.testcases.tc4_delete"/>
  <testcase name="b" time="1.248" classname="com.api.bdd.bdd_GET"/>
  <testcase name="b" time="4.29" classname="com.api.bdd.bdd_GET"/>
  <testcase name="f" time="0.016" classname="com.api.bdd.bdd_GET"/>
  <testcase name="f" time="0.0" classname="com.api.bdd.bdd_GET"/>
  <testcase name="b" time="0.016" classname="com.api.bdd.bdd_POST">
    <failure type="java.lang.IllegalStateException" message="Cannot serialize object because no JSON serializer found in classpath. Please put Jackson (Databind), Gson, Johnzon, or Yasson in the classpath.">
      <![CDATA[java.lang.IllegalStateException: Cannot serialize object because no JSON serializer found in classpath. Please put Jackson (Databind), Gson, Johnzon, or Yasson in the classpath.
at org.codehaus.groovy.runtime.callsite.ConstructorSite$ConstructorSiteNoUnwrapNoCoerce.callConstructor(ConstructorSite.java:105)
at org.codehaus.groovy.runtime.callsite.CallSiteArray.defaultCallConstructor(CallSiteArray.java:59)
at org.codehaus.groovy.runtime.callsite.AbstractCallSite.callConstructor(AbstractCallSite.java:263)
at org.codehaus.groovy.runtime.callsite.AbstractCallSite.callConstructor(AbstractCallSite.java:277)
at io.restassured.internal.mapping.ObjectMapping.serialize(ObjectMapping.groovy:160)
at io.restassured.internal.mapping.ObjectMapping$serialize.call(Unknown Source)
at org.codehaus.groovy.runtime.callsite.CallSiteArray.defaultCall(CallSiteArray.java:47)
at org.codehaus.groovy.runtime.callsite.AbstractCallSite.call(AbstractCallSite.java:125)
at io.restassured.internal.RequestSpecificationImpl.body(RequestSpecificationImpl.groovy:751)
at com.api.bdd.bdd_POST.b(bdd_POST.java:35)
at java.util.ArrayList.forEach(ArrayList.java:1257)
... Removed 32 stack frames]]>
    </failure>
  </testcase> <!-- b -->
  <testcase name="b" time="0.0" classname="com.api.bdd.bdd_POST">
    <failure type="java.lang.IllegalStateException" message="Cannot serialize object because no JSON serializer found in classpath. Please put Jackson (Databind), Gson, Johnzon, or Yasson in the classpath.">
      <![CDATA[java.lang.IllegalStateException: Cannot serialize object because no JSON serializer found in classpath. Please put Jackson (Databind), Gson, Johnzon, or Yasson in the classpath.
at org.codehaus.groovy.runtime.callsite.ConstructorSite$ConstructorSiteNoUnwrapNoCoerce.callConstructor(ConstructorSite.java:105)
at org.codehaus.groovy.runtime.callsite.AbstractCallSite.callConstructor(AbstractCallSite.java:277)
at io.restassured.internal.mapping.ObjectMapping.serialize(ObjectMapping.groovy:160)
at io.restassured.internal.mapping.ObjectMapping$serialize.call(Unknown Source)
at io.restassured.internal.RequestSpecificationImpl.body(RequestSpecificationImpl.groovy:751)
at com.api.bdd.bdd_POST.b(bdd_POST.java:35)
at java.util.ArrayList.forEach(ArrayList.java:1257)
... Removed 32 stack frames]]>
    </failure>
  </testcase> <!-- b -->
  <testcase name="b" time="0.0" classname="com.api.bdd.bdd_POST">
    <failure type="java.lang.IllegalStateException" message="Cannot serialize object because no JSON serializer found in classpath. Please put Jackson (Databind), Gson, Johnzon, or Yasson in the classpath.">
      <![CDATA[java.lang.IllegalStateException: Cannot serialize object because no JSON serializer found in classpath. Please put Jackson (Databind), Gson, Johnzon, or Yasson in the classpath.
at org.codehaus.groovy.runtime.callsite.ConstructorSite$ConstructorSiteNoUnwrapNoCoerce.callConstructor(ConstructorSite.java:105)
at org.codehaus.groovy.runtime.callsite.AbstractCallSite.callConstructor(AbstractCallSite.java:277)
at io.restassured.internal.mapping.ObjectMapping.serialize(ObjectMapping.groovy:160)
at io.restassured.internal.mapping.ObjectMapping$serialize.call(Unknown Source)
at io.restassured.internal.RequestSpecificationImpl.body(RequestSpecificationImpl.groovy:751)
at com.api.bdd.bdd_POST.b(bdd_POST.java:35)
at java.util.ArrayList.forEach(ArrayList.java:1257)
... Removed 32 stack frames]]>
    </failure>
  </testcase> <!-- b -->
  <testcase name="b" time="0.0" classname="com.api.bdd.bdd_POST">
    <failure type="java.lang.IllegalStateException" message="Cannot serialize object because no JSON serializer found in classpath. Please put Jackson (Databind), Gson, Johnzon, or Yasson in the classpath.">
      <![CDATA[java.lang.IllegalStateException: Cannot serialize object because no JSON serializer found in classpath. Please put Jackson (Databind), Gson, Johnzon, or Yasson in the classpath.
at org.codehaus.groovy.runtime.callsite.ConstructorSite$ConstructorSiteNoUnwrapNoCoerce.callConstructor(ConstructorSite.java:105)
at org.codehaus.groovy.runtime.callsite.AbstractCallSite.callConstructor(AbstractCallSite.java:277)
at io.restassured.internal.mapping.ObjectMapping.serialize(ObjectMapping.groovy:160)
at io.restassured.internal.mapping.ObjectMapping$serialize.call(Unknown Source)
at io.restassured.internal.RequestSpecificationImpl.body(RequestSpecificationImpl.groovy:751)
at com.api.bdd.bdd_POST.b(bdd_POST.java:35)
at java.util.ArrayList.forEach(ArrayList.java:1257)
... Removed 32 stack frames]]>
    </failure>
  </testcase> <!-- b -->
</testsuite> <!-- Test -->
